<?xml version="1.0" encoding="UTF-8"?>
<testsuite xmlns:xsi="http://www.w3.org/2001/XMLSchema-instance" xsi:noNamespaceSchemaLocation="https://maven.apache.org/surefire/maven-surefire-plugin/xsd/surefire-test-report-3.0.xsd" version="3.0" name="TestSuite" time="642.056" tests="10" errors="0" skipped="0" failures="0">
  <properties>
[...]
</properties>
  <testcase name="Title_validating[public void Runner.SavaariApp.Title_validating(java.lang.reflect.Method) throws java.lang.Exception](1)" classname="Runner.SavaariApp" time="4.013">
    <system-out><![CDATA[Extent Reporting
01-18-2022 12:15:09 SavaariApp.java INFO [main] 53-Chrome Browser opened 
01-18-2022 12:15:35 SavaariApp.java INFO [main] 55-Savaari Url is running 
01-18-2022 12:15:35 SavaariApp.java INFO [main] 75-Test case1 is running 
Book Outstation Cabs, Local & Airport Taxi Service - India's Leading Car Rentals
01-18-2022 12:15:38 SavaariApp.java INFO [main] 88-Title verified successfully 
]]></system-out>
    <system-err><![CDATA[Starting ChromeDriver 96.0.4664.35 (8df3babf8da8faa8aacb78f4848ef66a93b4944b-refs/branch-heads/4664@{#680}) on port 5704
Only local connections are allowed.
Please see https://chromedriver.chromium.org/security-considerations for suggestions on keeping ChromeDriver safe.
ChromeDriver was started successfully.
[1642488307.807][WARNING]: This version of ChromeDriver has not been tested with Chrome version 97.
Jan 18, 2022 12:15:09 PM org.openqa.selenium.remote.ProtocolHandshake createSession
INFO: Detected dialect: W3C
]]></system-err>
  </testcase>
  <testcase name="Contact_us[public void Runner.SavaariApp.Contact_us(java.lang.reflect.Method) throws java.lang.Exception](1)" classname="Runner.SavaariApp" time="31.185">
    <system-out><![CDATA[01-18-2022 12:15:40 SavaariApp.java INFO [main] 62-Chrome Browser closed successfully 
01-18-2022 12:15:43 SavaariApp.java INFO [main] 53-Chrome Browser opened 
01-18-2022 12:16:21 SavaariApp.java INFO [main] 55-Savaari Url is running 
01-18-2022 12:16:26 SavaariApp.java INFO [main] 102-Test case2 is running 
01-18-2022 12:16:31 SavaariApp.java INFO [main] 109-Contact us page opened 
info@savaari.com
01-18-2022 12:16:36 SavaariApp.java INFO [main] 123-Contact details verified successfully 
]]></system-out>
    <system-err><![CDATA[Starting ChromeDriver 96.0.4664.35 (8df3babf8da8faa8aacb78f4848ef66a93b4944b-refs/branch-heads/4664@{#680}) on port 9354
Only local connections are allowed.
Please see https://chromedriver.chromium.org/security-considerations for suggestions on keeping ChromeDriver safe.
ChromeDriver was started successfully.
[1642488342.326][WARNING]: This version of ChromeDriver has not been tested with Chrome version 97.
Jan 18, 2022 12:15:43 PM org.openqa.selenium.remote.ProtocolHandshake createSession
INFO: Detected dialect: W3C
[1642488406.643][SEVERE]: Timed out receiving message from renderer: 10.000
[1642488406.644][WARNING]: screenshot failed, retrying timeout: Timed out receiving message from renderer: 10.000
]]></system-err>
  </testcase>
  <testcase name="Downloadapp[public void Runner.SavaariApp.Downloadapp(java.lang.reflect.Method) throws java.lang.Exception](1)" classname="Runner.SavaariApp" time="51.771">
    <system-out><![CDATA[01-18-2022 12:16:52 SavaariApp.java INFO [main] 62-Chrome Browser closed successfully 
01-18-2022 12:16:57 SavaariApp.java INFO [main] 53-Chrome Browser opened 
01-18-2022 12:17:22 SavaariApp.java INFO [main] 55-Savaari Url is running 
01-18-2022 12:17:22 SavaariApp.java INFO [main] 134-Test case6 is running 
01-18-2022 12:17:28 SavaariApp.java INFO [main] 138-Clicked on the Download App 
01-18-2022 12:17:43 SavaariApp.java INFO [main] 149-Successfully added to wishlist 
]]></system-out>
    <system-err><![CDATA[Starting ChromeDriver 96.0.4664.35 (8df3babf8da8faa8aacb78f4848ef66a93b4944b-refs/branch-heads/4664@{#680}) on port 38664
Only local connections are allowed.
Please see https://chromedriver.chromium.org/security-considerations for suggestions on keeping ChromeDriver safe.
ChromeDriver was started successfully.
[1642488416.070][WARNING]: This version of ChromeDriver has not been tested with Chrome version 97.
Jan 18, 2022 12:16:57 PM org.openqa.selenium.remote.ProtocolHandshake createSession
INFO: Detected dialect: W3C
[1642488473.585][SEVERE]: Timed out receiving message from renderer: 10.000
[1642488473.585][WARNING]: screenshot failed, retrying timeout: Timed out receiving message from renderer: 10.000
[1642488483.588][SEVERE]: Timed out receiving message from renderer: 10.000
[1642488493.619][SEVERE]: Timed out receiving message from renderer: 10.000
[1642488493.619][WARNING]: screenshot failed, retrying timeout: Timed out receiving message from renderer: 10.000
]]></system-err>
  </testcase>
  <testcase name="Car_selecting[public void Runner.SavaariApp.Car_selecting(java.lang.reflect.Method) throws java.lang.Exception](1)" classname="Runner.SavaariApp" time="12.892">
    <system-out><![CDATA[01-18-2022 12:18:14 SavaariApp.java INFO [main] 62-Chrome Browser closed successfully 
01-18-2022 12:18:18 SavaariApp.java INFO [main] 53-Chrome Browser opened 
01-18-2022 12:18:44 SavaariApp.java INFO [main] 55-Savaari Url is running 
01-18-2022 12:18:44 SavaariApp.java INFO [main] 163-Test case4 is running 
01-18-2022 12:18:45 SavaariApp.java INFO [main] 167-Entered from city details 
01-18-2022 12:18:50 SavaariApp.java INFO [main] 171-Entered to city details 
01-18-2022 12:18:56 SavaariApp.java INFO [main] 174-Navigated to car select page successfully 
]]></system-out>
    <system-err><![CDATA[Starting ChromeDriver 96.0.4664.35 (8df3babf8da8faa8aacb78f4848ef66a93b4944b-refs/branch-heads/4664@{#680}) on port 21560
Only local connections are allowed.
Please see https://chromedriver.chromium.org/security-considerations for suggestions on keeping ChromeDriver safe.
ChromeDriver was started successfully.
[1642488497.560][WARNING]: This version of ChromeDriver has not been tested with Chrome version 97.
Jan 18, 2022 12:18:18 PM org.openqa.selenium.remote.ProtocolHandshake createSession
INFO: Detected dialect: W3C
]]></system-err>
  </testcase>
  <testcase name="Cab_book[public void Runner.SavaariApp.Cab_book(java.lang.reflect.Method) throws java.lang.Exception](1)" classname="Runner.SavaariApp" time="13.997">
    <system-out><![CDATA[01-18-2022 12:18:57 SavaariApp.java INFO [main] 62-Chrome Browser closed successfully 
01-18-2022 12:19:00 SavaariApp.java INFO [main] 53-Chrome Browser opened 
01-18-2022 12:19:26 SavaariApp.java INFO [main] 55-Savaari Url is running 
01-18-2022 12:19:26 SavaariApp.java INFO [main] 187-Test case5 is running 
01-18-2022 12:19:31 SavaariApp.java INFO [main] 191-Clicked on Cab book page 
01-18-2022 12:19:36 SavaariApp.java INFO [main] 199-Navigated to the Cab Book page 
01-18-2022 12:19:36 SavaariApp.java INFO [main] 209-Heading verified successfully 
]]></system-out>
    <system-err><![CDATA[Starting ChromeDriver 96.0.4664.35 (8df3babf8da8faa8aacb78f4848ef66a93b4944b-refs/branch-heads/4664@{#680}) on port 38723
Only local connections are allowed.
Please see https://chromedriver.chromium.org/security-considerations for suggestions on keeping ChromeDriver safe.
ChromeDriver was started successfully.
[1642488539.299][WARNING]: This version of ChromeDriver has not been tested with Chrome version 97.
Jan 18, 2022 12:19:00 PM org.openqa.selenium.remote.ProtocolHandshake createSession
INFO: Detected dialect: W3C
]]></system-err>
  </testcase>
  <testcase name="Signup[public void Runner.SavaariApp.Signup(java.lang.reflect.Method) throws java.lang.Exception](1)" classname="Runner.SavaariApp" time="18.533">
    <system-out><![CDATA[01-18-2022 12:19:40 SavaariApp.java INFO [main] 62-Chrome Browser closed successfully 
01-18-2022 12:19:43 SavaariApp.java INFO [main] 53-Chrome Browser opened 
01-18-2022 12:19:59 SavaariApp.java INFO [main] 55-Savaari Url is running 
01-18-2022 12:19:59 SavaariApp.java INFO [main] 221-Test case3 is running 
01-18-2022 12:20:00 SavaariApp.java INFO [main] 224-Signin box opened 
01-18-2022 12:20:05 SavaariApp.java INFO [main] 228-Entered Email and password 
01-18-2022 12:20:10 SavaariApp.java INFO [main] 231-Signed in successfully 
]]></system-out>
    <system-err><![CDATA[Starting ChromeDriver 96.0.4664.35 (8df3babf8da8faa8aacb78f4848ef66a93b4944b-refs/branch-heads/4664@{#680}) on port 30129
Only local connections are allowed.
Please see https://chromedriver.chromium.org/security-considerations for suggestions on keeping ChromeDriver safe.
ChromeDriver was started successfully.
[1642488582.414][WARNING]: This version of ChromeDriver has not been tested with Chrome version 97.
Jan 18, 2022 12:19:43 PM org.openqa.selenium.remote.ProtocolHandshake createSession
INFO: Detected dialect: W3C
]]></system-err>
  </testcase>
  <testcase name="Car_one_way[public void Runner.SavaariApp.Car_one_way(java.lang.reflect.Method) throws java.lang.Exception](1)" classname="Runner.SavaariApp" time="35.954">
    <system-out><![CDATA[01-18-2022 12:20:18 SavaariApp.java INFO [main] 62-Chrome Browser closed successfully 
01-18-2022 12:20:22 SavaariApp.java INFO [main] 53-Chrome Browser opened 
01-18-2022 12:20:51 SavaariApp.java INFO [main] 55-Savaari Url is running 
01-18-2022 12:20:51 SavaariApp.java INFO [main] 244-Test case7 is running 
01-18-2022 12:20:51 SavaariApp.java INFO [main] 246-Entered the From city details 
01-18-2022 12:21:02 SavaariApp.java INFO [main] 253-Entered To city details 
01-18-2022 12:21:03 SavaariApp.java INFO [main] 255-Navigated to car select page 
01-18-2022 12:21:08 SavaariApp.java INFO [main] 258-Selected the First car  
Toyota Etios or Equivalent
01-18-2022 12:21:27 SavaariApp.java INFO [main] 270-Verified the first car successfully 
]]></system-out>
    <system-err><![CDATA[Starting ChromeDriver 96.0.4664.35 (8df3babf8da8faa8aacb78f4848ef66a93b4944b-refs/branch-heads/4664@{#680}) on port 18358
Only local connections are allowed.
Please see https://chromedriver.chromium.org/security-considerations for suggestions on keeping ChromeDriver safe.
ChromeDriver was started successfully.
[1642488620.988][WARNING]: This version of ChromeDriver has not been tested with Chrome version 97.
Jan 18, 2022 12:20:22 PM org.openqa.selenium.remote.ProtocolHandshake createSession
INFO: Detected dialect: W3C
]]></system-err>
  </testcase>
  <testcase name="Roundtrip[public void Runner.SavaariApp.Roundtrip(java.lang.reflect.Method) throws java.lang.Exception](1)" classname="Runner.SavaariApp" time="44.821">
    <system-out><![CDATA[01-18-2022 12:21:27 SavaariApp.java INFO [main] 62-Chrome Browser closed successfully 
01-18-2022 12:21:31 SavaariApp.java INFO [main] 53-Chrome Browser opened 
01-18-2022 12:22:08 SavaariApp.java INFO [main] 55-Savaari Url is running 
01-18-2022 12:22:08 SavaariApp.java INFO [main] 281-Test case8 is running 
01-18-2022 12:22:14 SavaariApp.java INFO [main] 290-Entered the From city details 
01-18-2022 12:22:29 SavaariApp.java INFO [main] 296-Entered The To city details 
01-18-2022 12:22:35 SavaariApp.java INFO [main] 299-Navigated to car select page 
01-18-2022 12:22:40 SavaariApp.java INFO [main] 302-Selected the first car 
₹ 3367
01-18-2022 12:22:44 SavaariApp.java INFO [main] 313-Verified the car price successfully 
]]></system-out>
    <system-err><![CDATA[Starting ChromeDriver 96.0.4664.35 (8df3babf8da8faa8aacb78f4848ef66a93b4944b-refs/branch-heads/4664@{#680}) on port 38751
Only local connections are allowed.
Please see https://chromedriver.chromium.org/security-considerations for suggestions on keeping ChromeDriver safe.
ChromeDriver was started successfully.
[1642488689.666][WARNING]: This version of ChromeDriver has not been tested with Chrome version 97.
Jan 18, 2022 12:21:30 PM org.openqa.selenium.remote.ProtocolHandshake createSession
INFO: Detected dialect: W3C
]]></system-err>
  </testcase>
  <testcase name="Local_car[public void Runner.SavaariApp.Local_car(java.lang.reflect.Method) throws java.lang.Exception](1)" classname="Runner.SavaariApp" time="42.354">
    <system-out><![CDATA[01-18-2022 12:22:53 SavaariApp.java INFO [main] 62-Chrome Browser closed successfully 
01-18-2022 12:22:57 SavaariApp.java INFO [main] 53-Chrome Browser opened 
01-18-2022 12:23:23 SavaariApp.java INFO [main] 55-Savaari Url is running 
01-18-2022 12:23:23 SavaariApp.java INFO [main] 323-Test case9 is running 
01-18-2022 12:23:28 SavaariApp.java INFO [main] 331-Selected the city 
01-18-2022 12:23:33 SavaariApp.java INFO [main] 334-Navigated to car select page 
01-18-2022 12:23:40 SavaariApp.java INFO [main] 337-Selected the car 
Toyota Etios or Equivalent
01-18-2022 12:23:57 SavaariApp.java INFO [main] 349-Verified The car type successfully 
]]></system-out>
    <system-err><![CDATA[Starting ChromeDriver 96.0.4664.35 (8df3babf8da8faa8aacb78f4848ef66a93b4944b-refs/branch-heads/4664@{#680}) on port 16374
Only local connections are allowed.
Please see https://chromedriver.chromium.org/security-considerations for suggestions on keeping ChromeDriver safe.
ChromeDriver was started successfully.
[1642488775.940][WARNING]: This version of ChromeDriver has not been tested with Chrome version 97.
Jan 18, 2022 12:22:56 PM org.openqa.selenium.remote.ProtocolHandshake createSession
INFO: Detected dialect: W3C
]]></system-err>
  </testcase>
  <testcase name="Airport[public void Runner.SavaariApp.Airport(java.lang.reflect.Method) throws java.lang.Exception](1)" classname="Runner.SavaariApp" time="52.266">
    <system-out><![CDATA[01-18-2022 12:24:05 SavaariApp.java INFO [main] 62-Chrome Browser closed successfully 
01-18-2022 12:24:10 SavaariApp.java INFO [main] 53-Chrome Browser opened 
01-18-2022 12:24:47 SavaariApp.java INFO [main] 55-Savaari Url is running 
01-18-2022 12:24:47 SavaariApp.java INFO [main] 362-Test case10 is running 
01-18-2022 12:24:47 SavaariApp.java INFO [main] 367-Selected the Airport 
01-18-2022 12:25:03 SavaariApp.java INFO [main] 374-Entered the city details 
01-18-2022 12:25:04 SavaariApp.java INFO [main] 381-Selected the Trip Type  
01-18-2022 12:25:14 SavaariApp.java INFO [main] 387-Entered the Location 
01-18-2022 12:25:20 SavaariApp.java INFO [main] 391-Navigated to car select page 
01-18-2022 12:25:26 SavaariApp.java INFO [main] 394-Selected the car 
₹ 931
01-18-2022 12:25:39 SavaariApp.java INFO [main] 406-verified the car price successfully 
]]></system-out>
    <system-err><![CDATA[Starting ChromeDriver 96.0.4664.35 (8df3babf8da8faa8aacb78f4848ef66a93b4944b-refs/branch-heads/4664@{#680}) on port 12641
Only local connections are allowed.
Please see https://chromedriver.chromium.org/security-considerations for suggestions on keeping ChromeDriver safe.
ChromeDriver was started successfully.
[1642488849.064][WARNING]: This version of ChromeDriver has not been tested with Chrome version 97.
Jan 18, 2022 12:24:09 PM org.openqa.selenium.remote.ProtocolHandshake createSession
INFO: Detected dialect: W3C
]]></system-err>
  </testcase>
</testsuite>