<?xml version="1.0" encoding="UTF-8"?>
<testng-results skipped="0" failed="0" ignored="0" total="10" passed="10">
  <reporter-output>
  </reporter-output>
  <suite name="Suite" duration-ms="635873" started-at="2022-01-18T12:15:04 IST" finished-at="2022-01-18T12:25:40 IST">
    <groups>
    </groups>
    <test name="Test" duration-ms="635873" started-at="2022-01-18T12:15:04 IST" finished-at="2022-01-18T12:25:40 IST">
      <class name="Runner.SavaariApp">
        <test-method status="PASS" signature="opendriver()[pri:0, instance:Runner.SavaariApp@4a94ee4]" name="opendriver" is-config="true" duration-ms="31121" started-at="2022-01-18T12:15:04 IST" finished-at="2022-01-18T12:15:35 IST">
          <reporter-output>
          </reporter-output>
        </test-method> <!-- opendriver -->
        <test-method status="PASS" signature="Title_validating(java.lang.reflect.Method)[pri:1, instance:Runner.SavaariApp@4a94ee4]" name="Title_validating" duration-ms="4030" started-at="2022-01-18T12:15:35 IST" finished-at="2022-01-18T12:15:39 IST">
          <params>
            <param index="0">
              <value>
                <![CDATA[public void Runner.SavaariApp.Title_validating(java.lang.reflect.Method) throws java.lang.Exception]]>
              </value>
            </param>
          </params>
          <reporter-output>
          </reporter-output>
        </test-method> <!-- Title_validating -->
        <test-method status="PASS" signature="closedriver()[pri:0, instance:Runner.SavaariApp@4a94ee4]" name="closedriver" is-config="true" duration-ms="127" started-at="2022-01-18T12:15:39 IST" finished-at="2022-01-18T12:15:40 IST">
          <reporter-output>
          </reporter-output>
        </test-method> <!-- closedriver -->
        <test-method status="PASS" signature="opendriver()[pri:0, instance:Runner.SavaariApp@4a94ee4]" name="opendriver" is-config="true" duration-ms="41234" started-at="2022-01-18T12:15:40 IST" finished-at="2022-01-18T12:16:21 IST">
          <reporter-output>
          </reporter-output>
        </test-method> <!-- opendriver -->
        <test-method status="PASS" signature="Contact_us(java.lang.reflect.Method)[pri:2, instance:Runner.SavaariApp@4a94ee4]" name="Contact_us" duration-ms="31220" started-at="2022-01-18T12:16:21 IST" finished-at="2022-01-18T12:16:52 IST">
          <params>
            <param index="0">
              <value>
                <![CDATA[public void Runner.SavaariApp.Contact_us(java.lang.reflect.Method) throws java.lang.Exception]]>
              </value>
            </param>
          </params>
          <reporter-output>
          </reporter-output>
        </test-method> <!-- Contact_us -->
        <test-method status="PASS" signature="closedriver()[pri:0, instance:Runner.SavaariApp@4a94ee4]" name="closedriver" is-config="true" duration-ms="62" started-at="2022-01-18T12:16:52 IST" finished-at="2022-01-18T12:16:52 IST">
          <reporter-output>
          </reporter-output>
        </test-method> <!-- closedriver -->
        <test-method status="PASS" signature="opendriver()[pri:0, instance:Runner.SavaariApp@4a94ee4]" name="opendriver" is-config="true" duration-ms="30413" started-at="2022-01-18T12:16:52 IST" finished-at="2022-01-18T12:17:22 IST">
          <reporter-output>
          </reporter-output>
        </test-method> <!-- opendriver -->
        <test-method status="PASS" signature="Downloadapp(java.lang.reflect.Method)[pri:3, instance:Runner.SavaariApp@4a94ee4]" name="Downloadapp" duration-ms="51774" started-at="2022-01-18T12:17:22 IST" finished-at="2022-01-18T12:18:14 IST">
          <params>
            <param index="0">
              <value>
                <![CDATA[public void Runner.SavaariApp.Downloadapp(java.lang.reflect.Method) throws java.lang.Exception]]>
              </value>
            </param>
          </params>
          <reporter-output>
          </reporter-output>
        </test-method> <!-- Downloadapp -->
        <test-method status="PASS" signature="closedriver()[pri:0, instance:Runner.SavaariApp@4a94ee4]" name="closedriver" is-config="true" duration-ms="173" started-at="2022-01-18T12:18:14 IST" finished-at="2022-01-18T12:18:14 IST">
          <reporter-output>
          </reporter-output>
        </test-method> <!-- closedriver -->
        <test-method status="PASS" signature="opendriver()[pri:0, instance:Runner.SavaariApp@4a94ee4]" name="opendriver" is-config="true" duration-ms="29565" started-at="2022-01-18T12:18:14 IST" finished-at="2022-01-18T12:18:44 IST">
          <reporter-output>
          </reporter-output>
        </test-method> <!-- opendriver -->
        <test-method status="PASS" signature="Car_selecting(java.lang.reflect.Method)[pri:4, instance:Runner.SavaariApp@4a94ee4]" name="Car_selecting" duration-ms="12894" started-at="2022-01-18T12:18:44 IST" finished-at="2022-01-18T12:18:57 IST">
          <params>
            <param index="0">
              <value>
                <![CDATA[public void Runner.SavaariApp.Car_selecting(java.lang.reflect.Method) throws java.lang.Exception]]>
              </value>
            </param>
          </params>
          <reporter-output>
          </reporter-output>
        </test-method> <!-- Car_selecting -->
        <test-method status="PASS" signature="closedriver()[pri:0, instance:Runner.SavaariApp@4a94ee4]" name="closedriver" is-config="true" duration-ms="324" started-at="2022-01-18T12:18:57 IST" finished-at="2022-01-18T12:18:57 IST">
          <reporter-output>
          </reporter-output>
        </test-method> <!-- closedriver -->
        <test-method status="PASS" signature="opendriver()[pri:0, instance:Runner.SavaariApp@4a94ee4]" name="opendriver" is-config="true" duration-ms="28413" started-at="2022-01-18T12:18:57 IST" finished-at="2022-01-18T12:19:26 IST">
          <reporter-output>
          </reporter-output>
        </test-method> <!-- opendriver -->
        <test-method status="PASS" signature="Cab_book(java.lang.reflect.Method)[pri:5, instance:Runner.SavaariApp@4a94ee4]" name="Cab_book" duration-ms="13996" started-at="2022-01-18T12:19:26 IST" finished-at="2022-01-18T12:19:40 IST">
          <params>
            <param index="0">
              <value>
                <![CDATA[public void Runner.SavaariApp.Cab_book(java.lang.reflect.Method) throws java.lang.Exception]]>
              </value>
            </param>
          </params>
          <reporter-output>
          </reporter-output>
        </test-method> <!-- Cab_book -->
        <test-method status="PASS" signature="closedriver()[pri:0, instance:Runner.SavaariApp@4a94ee4]" name="closedriver" is-config="true" duration-ms="98" started-at="2022-01-18T12:19:40 IST" finished-at="2022-01-18T12:19:40 IST">
          <reporter-output>
          </reporter-output>
        </test-method> <!-- closedriver -->
        <test-method status="PASS" signature="opendriver()[pri:0, instance:Runner.SavaariApp@4a94ee4]" name="opendriver" is-config="true" duration-ms="19724" started-at="2022-01-18T12:19:40 IST" finished-at="2022-01-18T12:19:59 IST">
          <reporter-output>
          </reporter-output>
        </test-method> <!-- opendriver -->
        <test-method status="PASS" signature="Signup(java.lang.reflect.Method)[pri:6, instance:Runner.SavaariApp@4a94ee4]" name="Signup" duration-ms="18539" started-at="2022-01-18T12:19:59 IST" finished-at="2022-01-18T12:20:18 IST">
          <params>
            <param index="0">
              <value>
                <![CDATA[public void Runner.SavaariApp.Signup(java.lang.reflect.Method) throws java.lang.Exception]]>
              </value>
            </param>
          </params>
          <reporter-output>
          </reporter-output>
        </test-method> <!-- Signup -->
        <test-method status="PASS" signature="closedriver()[pri:0, instance:Runner.SavaariApp@4a94ee4]" name="closedriver" is-config="true" duration-ms="389" started-at="2022-01-18T12:20:18 IST" finished-at="2022-01-18T12:20:18 IST">
          <reporter-output>
          </reporter-output>
        </test-method> <!-- closedriver -->
        <test-method status="PASS" signature="opendriver()[pri:0, instance:Runner.SavaariApp@4a94ee4]" name="opendriver" is-config="true" duration-ms="32623" started-at="2022-01-18T12:20:18 IST" finished-at="2022-01-18T12:20:51 IST">
          <reporter-output>
          </reporter-output>
        </test-method> <!-- opendriver -->
        <test-method status="PASS" signature="Car_one_way(java.lang.reflect.Method)[pri:7, instance:Runner.SavaariApp@4a94ee4]" name="Car_one_way" duration-ms="35959" started-at="2022-01-18T12:20:51 IST" finished-at="2022-01-18T12:21:27 IST">
          <params>
            <param index="0">
              <value>
                <![CDATA[public void Runner.SavaariApp.Car_one_way(java.lang.reflect.Method) throws java.lang.Exception]]>
              </value>
            </param>
          </params>
          <reporter-output>
          </reporter-output>
        </test-method> <!-- Car_one_way -->
        <test-method status="PASS" signature="closedriver()[pri:0, instance:Runner.SavaariApp@4a94ee4]" name="closedriver" is-config="true" duration-ms="284" started-at="2022-01-18T12:21:27 IST" finished-at="2022-01-18T12:21:27 IST">
          <reporter-output>
          </reporter-output>
        </test-method> <!-- closedriver -->
        <test-method status="PASS" signature="opendriver()[pri:0, instance:Runner.SavaariApp@4a94ee4]" name="opendriver" is-config="true" duration-ms="41079" started-at="2022-01-18T12:21:27 IST" finished-at="2022-01-18T12:22:08 IST">
          <reporter-output>
          </reporter-output>
        </test-method> <!-- opendriver -->
        <test-method status="PASS" signature="Roundtrip(java.lang.reflect.Method)[pri:8, instance:Runner.SavaariApp@4a94ee4]" name="Roundtrip" duration-ms="44823" started-at="2022-01-18T12:22:08 IST" finished-at="2022-01-18T12:22:53 IST">
          <params>
            <param index="0">
              <value>
                <![CDATA[public void Runner.SavaariApp.Roundtrip(java.lang.reflect.Method) throws java.lang.Exception]]>
              </value>
            </param>
          </params>
          <reporter-output>
          </reporter-output>
        </test-method> <!-- Roundtrip -->
        <test-method status="PASS" signature="closedriver()[pri:0, instance:Runner.SavaariApp@4a94ee4]" name="closedriver" is-config="true" duration-ms="206" started-at="2022-01-18T12:22:53 IST" finished-at="2022-01-18T12:22:53 IST">
          <reporter-output>
          </reporter-output>
        </test-method> <!-- closedriver -->
        <test-method status="PASS" signature="opendriver()[pri:0, instance:Runner.SavaariApp@4a94ee4]" name="opendriver" is-config="true" duration-ms="29347" started-at="2022-01-18T12:22:53 IST" finished-at="2022-01-18T12:23:23 IST">
          <reporter-output>
          </reporter-output>
        </test-method> <!-- opendriver -->
        <test-method status="PASS" signature="Local_car(java.lang.reflect.Method)[pri:9, instance:Runner.SavaariApp@4a94ee4]" name="Local_car" duration-ms="42371" started-at="2022-01-18T12:23:23 IST" finished-at="2022-01-18T12:24:05 IST">
          <params>
            <param index="0">
              <value>
                <![CDATA[public void Runner.SavaariApp.Local_car(java.lang.reflect.Method) throws java.lang.Exception]]>
              </value>
            </param>
          </params>
          <reporter-output>
          </reporter-output>
        </test-method> <!-- Local_car -->
        <test-method status="PASS" signature="closedriver()[pri:0, instance:Runner.SavaariApp@4a94ee4]" name="closedriver" is-config="true" duration-ms="323" started-at="2022-01-18T12:24:05 IST" finished-at="2022-01-18T12:24:05 IST">
          <reporter-output>
          </reporter-output>
        </test-method> <!-- closedriver -->
        <test-method status="PASS" signature="opendriver()[pri:0, instance:Runner.SavaariApp@4a94ee4]" name="opendriver" is-config="true" duration-ms="41952" started-at="2022-01-18T12:24:05 IST" finished-at="2022-01-18T12:24:47 IST">
          <reporter-output>
          </reporter-output>
        </test-method> <!-- opendriver -->
        <test-method status="PASS" signature="Airport(java.lang.reflect.Method)[pri:10, instance:Runner.SavaariApp@4a94ee4]" name="Airport" duration-ms="52268" started-at="2022-01-18T12:24:47 IST" finished-at="2022-01-18T12:25:40 IST">
          <params>
            <param index="0">
              <value>
                <![CDATA[public void Runner.SavaariApp.Airport(java.lang.reflect.Method) throws java.lang.Exception]]>
              </value>
            </param>
          </params>
          <reporter-output>
          </reporter-output>
        </test-method> <!-- Airport -->
        <test-method status="PASS" signature="closedriver()[pri:0, instance:Runner.SavaariApp@4a94ee4]" name="closedriver" is-config="true" duration-ms="432" started-at="2022-01-18T12:25:40 IST" finished-at="2022-01-18T12:25:40 IST">
          <reporter-output>
          </reporter-output>
        </test-method> <!-- closedriver -->
        <test-method status="PASS" signature="flush()[pri:0, instance:Runner.SavaariApp@4a94ee4]" name="flush" is-config="true" duration-ms="2836" started-at="2022-01-18T12:25:41 IST" finished-at="2022-01-18T12:25:44 IST">
          <reporter-output>
          </reporter-output>
        </test-method> <!-- flush -->
      </class> <!-- Runner.SavaariApp -->
    </test> <!-- Test -->
  </suite> <!-- Suite -->
</testng-results>
