<?xml version="1.0" encoding="UTF-8"?>
<!-- Generated by org.testng.reporters.JUnitXMLReporter -->
<testsuite hostname="DESKTOP-6VNBHPC" ignored="0" name="Test" tests="10" failures="0" timestamp="2022-01-18T12:25:41 IST" time="635.873" errors="0">
  <testcase name="Title_validating" time="4.03" classname="Runner.SavaariApp"/>
  <testcase name="Contact_us" time="31.22" classname="Runner.SavaariApp"/>
  <testcase name="Downloadapp" time="51.774" classname="Runner.SavaariApp"/>
  <testcase name="Car_selecting" time="12.894" classname="Runner.SavaariApp"/>
  <testcase name="Cab_book" time="13.996" classname="Runner.SavaariApp"/>
  <testcase name="Signup" time="18.539" classname="Runner.SavaariApp"/>
  <testcase name="Car_one_way" time="35.959" classname="Runner.SavaariApp"/>
  <testcase name="Roundtrip" time="44.823" classname="Runner.SavaariApp"/>
  <testcase name="Local_car" time="42.371" classname="Runner.SavaariApp"/>
  <testcase name="Airport" time="52.268" classname="Runner.SavaariApp"/>
</testsuite> <!-- Test -->
